[31-Jul-2025 17:35:23 Europe/Berlin] PHP Fatal error:  Array and string offset access syntax with curly braces is no longer supported in C:\xampp\htdocs\certificate\admin_idgl\PHPExcel\Classes\PHPExcel\Shared\String.php on line 529
[31-Jul-2025 17:35:25 Europe/Berlin] PHP Fatal error:  Array and string offset access syntax with curly braces is no longer supported in C:\xampp\htdocs\certificate\admin_idgl\PHPExcel\Classes\PHPExcel\Shared\String.php on line 529
[31-Jul-2025 17:35:26 Europe/Berlin] PHP Fatal error:  Array and string offset access syntax with curly braces is no longer supported in C:\xampp\htdocs\certificate\admin_idgl\PHPExcel\Classes\PHPExcel\Shared\String.php on line 529
[31-Jul-2025 18:14:28 Europe/Berlin] PHP Fatal error:  Array and string offset access syntax with curly braces is no longer supported in C:\xampp\htdocs\certificate\admin_idgl\PHPExcel\Classes\PHPExcel\Shared\String.php on line 536
[31-Jul-2025 18:14:29 Europe/Berlin] PHP Fatal error:  Array and string offset access syntax with curly braces is no longer supported in C:\xampp\htdocs\certificate\admin_idgl\PHPExcel\Classes\PHPExcel\Shared\String.php on line 536
[31-Jul-2025 18:14:29 Europe/Berlin] PHP Fatal error:  Array and string offset access syntax with curly braces is no longer supported in C:\xampp\htdocs\certificate\admin_idgl\PHPExcel\Classes\PHPExcel\Shared\String.php on line 536
[31-Jul-2025 18:14:30 Europe/Berlin] PHP Fatal error:  Array and string offset access syntax with curly braces is no longer supported in C:\xampp\htdocs\certificate\admin_idgl\PHPExcel\Classes\PHPExcel\Shared\String.php on line 536
[31-Jul-2025 18:14:30 Europe/Berlin] PHP Fatal error:  Array and string offset access syntax with curly braces is no longer supported in C:\xampp\htdocs\certificate\admin_idgl\PHPExcel\Classes\PHPExcel\Shared\String.php on line 536
[31-Jul-2025 18:14:31 Europe/Berlin] PHP Fatal error:  Array and string offset access syntax with curly braces is no longer supported in C:\xampp\htdocs\certificate\admin_idgl\PHPExcel\Classes\PHPExcel\Shared\String.php on line 536
[31-Jul-2025 18:14:31 Europe/Berlin] PHP Fatal error:  Array and string offset access syntax with curly braces is no longer supported in C:\xampp\htdocs\certificate\admin_idgl\PHPExcel\Classes\PHPExcel\Shared\String.php on line 536
[31-Jul-2025 18:14:31 Europe/Berlin] PHP Fatal error:  Array and string offset access syntax with curly braces is no longer supported in C:\xampp\htdocs\certificate\admin_idgl\PHPExcel\Classes\PHPExcel\Shared\String.php on line 536
[31-Jul-2025 18:14:31 Europe/Berlin] PHP Fatal error:  Array and string offset access syntax with curly braces is no longer supported in C:\xampp\htdocs\certificate\admin_idgl\PHPExcel\Classes\PHPExcel\Shared\String.php on line 536
[31-Jul-2025 18:15:08 Europe/Berlin] PHP Fatal error:  Array and string offset access syntax with curly braces is no longer supported in C:\xampp\htdocs\certificate\admin_idgl\PHPExcel\Classes\PHPExcel\Shared\String.php on line 529
[31-Jul-2025 18:15:09 Europe/Berlin] PHP Fatal error:  Array and string offset access syntax with curly braces is no longer supported in C:\xampp\htdocs\certificate\admin_idgl\PHPExcel\Classes\PHPExcel\Shared\String.php on line 529
[31-Jul-2025 18:15:10 Europe/Berlin] PHP Fatal error:  Array and string offset access syntax with curly braces is no longer supported in C:\xampp\htdocs\certificate\admin_idgl\PHPExcel\Classes\PHPExcel\Shared\String.php on line 529
[31-Jul-2025 18:32:24 Europe/Berlin] PHP Fatal error:  Array and string offset access syntax with curly braces is no longer supported in C:\xampp\htdocs\certificate\admin_idgl\PHPExcel\Classes\PHPExcel\Shared\String.php on line 529
[31-Jul-2025 18:32:25 Europe/Berlin] PHP Fatal error:  Array and string offset access syntax with curly braces is no longer supported in C:\xampp\htdocs\certificate\admin_idgl\PHPExcel\Classes\PHPExcel\Shared\String.php on line 529
[31-Jul-2025 18:32:26 Europe/Berlin] PHP Fatal error:  Array and string offset access syntax with curly braces is no longer supported in C:\xampp\htdocs\certificate\admin_idgl\PHPExcel\Classes\PHPExcel\Shared\String.php on line 529
[31-Jul-2025 18:53:59 Europe/Berlin] PHP Fatal error:  Array and string offset access syntax with curly braces is no longer supported in C:\xampp\htdocs\certificate\admin_idgl\PHPExcel\Classes\PHPExcel\Shared\String.php on line 529
[31-Jul-2025 18:54:00 Europe/Berlin] PHP Fatal error:  Array and string offset access syntax with curly braces is no longer supported in C:\xampp\htdocs\certificate\admin_idgl\PHPExcel\Classes\PHPExcel\Shared\String.php on line 529
[31-Jul-2025 18:54:01 Europe/Berlin] PHP Fatal error:  Array and string offset access syntax with curly braces is no longer supported in C:\xampp\htdocs\certificate\admin_idgl\PHPExcel\Classes\PHPExcel\Shared\String.php on line 529
[31-Jul-2025 18:54:01 Europe/Berlin] PHP Fatal error:  Array and string offset access syntax with curly braces is no longer supported in C:\xampp\htdocs\certificate\admin_idgl\PHPExcel\Classes\PHPExcel\Shared\String.php on line 529
[31-Jul-2025 18:54:01 Europe/Berlin] PHP Fatal error:  Array and string offset access syntax with curly braces is no longer supported in C:\xampp\htdocs\certificate\admin_idgl\PHPExcel\Classes\PHPExcel\Shared\String.php on line 529
[31-Jul-2025 18:54:02 Europe/Berlin] PHP Fatal error:  Array and string offset access syntax with curly braces is no longer supported in C:\xampp\htdocs\certificate\admin_idgl\PHPExcel\Classes\PHPExcel\Shared\String.php on line 529
[31-Jul-2025 18:54:02 Europe/Berlin] PHP Fatal error:  Array and string offset access syntax with curly braces is no longer supported in C:\xampp\htdocs\certificate\admin_idgl\PHPExcel\Classes\PHPExcel\Shared\String.php on line 529
[31-Jul-2025 18:54:02 Europe/Berlin] PHP Fatal error:  Array and string offset access syntax with curly braces is no longer supported in C:\xampp\htdocs\certificate\admin_idgl\PHPExcel\Classes\PHPExcel\Shared\String.php on line 529
[31-Jul-2025 18:54:02 Europe/Berlin] PHP Fatal error:  Array and string offset access syntax with curly braces is no longer supported in C:\xampp\htdocs\certificate\admin_idgl\PHPExcel\Classes\PHPExcel\Shared\String.php on line 529
[31-Jul-2025 18:54:02 Europe/Berlin] PHP Fatal error:  Array and string offset access syntax with curly braces is no longer supported in C:\xampp\htdocs\certificate\admin_idgl\PHPExcel\Classes\PHPExcel\Shared\String.php on line 529
[31-Jul-2025 18:54:03 Europe/Berlin] PHP Fatal error:  Array and string offset access syntax with curly braces is no longer supported in C:\xampp\htdocs\certificate\admin_idgl\PHPExcel\Classes\PHPExcel\Shared\String.php on line 529
[31-Jul-2025 18:54:03 Europe/Berlin] PHP Fatal error:  Array and string offset access syntax with curly braces is no longer supported in C:\xampp\htdocs\certificate\admin_idgl\PHPExcel\Classes\PHPExcel\Shared\String.php on line 529
[31-Jul-2025 19:38:57 Europe/Berlin] PHP Fatal error:  Array and string offset access syntax with curly braces is no longer supported in C:\xampp\htdocs\certificate\admin_idgl\PHPExcel\Classes\PHPExcel\Shared\String.php on line 529
[31-Jul-2025 19:39:13 Europe/Berlin] PHP Fatal error:  Array and string offset access syntax with curly braces is no longer supported in C:\xampp\htdocs\certificate\admin_idgl\PHPExcel\Classes\PHPExcel\Shared\String.php on line 529
[31-Jul-2025 19:39:55 Europe/Berlin] PHP Fatal error:  Array and string offset access syntax with curly braces is no longer supported in C:\xampp\htdocs\certificate\admin_idgl\PHPExcel\Classes\PHPExcel\Shared\String.php on line 529
[31-Jul-2025 19:41:08 Europe/Berlin] PHP Fatal error:  Array and string offset access syntax with curly braces is no longer supported in C:\xampp\htdocs\certificate\admin_idgl\PHPExcel\Classes\PHPExcel\Shared\String.php on line 536
[31-Jul-2025 19:41:10 Europe/Berlin] PHP Fatal error:  Array and string offset access syntax with curly braces is no longer supported in C:\xampp\htdocs\certificate\admin_idgl\PHPExcel\Classes\PHPExcel\Shared\String.php on line 536
[31-Jul-2025 19:41:10 Europe/Berlin] PHP Fatal error:  Array and string offset access syntax with curly braces is no longer supported in C:\xampp\htdocs\certificate\admin_idgl\PHPExcel\Classes\PHPExcel\Shared\String.php on line 536
[31-Jul-2025 19:41:10 Europe/Berlin] PHP Fatal error:  Array and string offset access syntax with curly braces is no longer supported in C:\xampp\htdocs\certificate\admin_idgl\PHPExcel\Classes\PHPExcel\Shared\String.php on line 536
[31-Jul-2025 19:41:11 Europe/Berlin] PHP Fatal error:  Array and string offset access syntax with curly braces is no longer supported in C:\xampp\htdocs\certificate\admin_idgl\PHPExcel\Classes\PHPExcel\Shared\String.php on line 536
[31-Jul-2025 19:41:11 Europe/Berlin] PHP Fatal error:  Array and string offset access syntax with curly braces is no longer supported in C:\xampp\htdocs\certificate\admin_idgl\PHPExcel\Classes\PHPExcel\Shared\String.php on line 536
[31-Jul-2025 19:41:11 Europe/Berlin] PHP Fatal error:  Array and string offset access syntax with curly braces is no longer supported in C:\xampp\htdocs\certificate\admin_idgl\PHPExcel\Classes\PHPExcel\Shared\String.php on line 536
[31-Jul-2025 19:41:11 Europe/Berlin] PHP Fatal error:  Array and string offset access syntax with curly braces is no longer supported in C:\xampp\htdocs\certificate\admin_idgl\PHPExcel\Classes\PHPExcel\Shared\String.php on line 536
[31-Jul-2025 19:42:07 Europe/Berlin] PHP Notice:  session_start(): Ignoring session_start() because a session is already active in C:\xampp\htdocs\certificate\admin_idgl\session-check.php on line 3
[31-Jul-2025 19:42:08 Europe/Berlin] PHP Notice:  session_start(): Ignoring session_start() because a session is already active in C:\xampp\htdocs\certificate\admin_idgl\session-check.php on line 3
[31-Jul-2025 19:42:08 Europe/Berlin] PHP Notice:  session_start(): Ignoring session_start() because a session is already active in C:\xampp\htdocs\certificate\admin_idgl\session-check.php on line 3
[31-Jul-2025 19:42:09 Europe/Berlin] PHP Notice:  session_start(): Ignoring session_start() because a session is already active in C:\xampp\htdocs\certificate\admin_idgl\session-check.php on line 3
[31-Jul-2025 19:42:09 Europe/Berlin] PHP Notice:  session_start(): Ignoring session_start() because a session is already active in C:\xampp\htdocs\certificate\admin_idgl\session-check.php on line 3
[31-Jul-2025 19:42:09 Europe/Berlin] PHP Notice:  session_start(): Ignoring session_start() because a session is already active in C:\xampp\htdocs\certificate\admin_idgl\session-check.php on line 3
[31-Jul-2025 19:42:09 Europe/Berlin] PHP Notice:  session_start(): Ignoring session_start() because a session is already active in C:\xampp\htdocs\certificate\admin_idgl\session-check.php on line 3
[31-Jul-2025 19:42:09 Europe/Berlin] PHP Notice:  session_start(): Ignoring session_start() because a session is already active in C:\xampp\htdocs\certificate\admin_idgl\session-check.php on line 3
[31-Jul-2025 19:42:10 Europe/Berlin] PHP Notice:  session_start(): Ignoring session_start() because a session is already active in C:\xampp\htdocs\certificate\admin_idgl\session-check.php on line 3
[31-Jul-2025 19:42:10 Europe/Berlin] PHP Notice:  session_start(): Ignoring session_start() because a session is already active in C:\xampp\htdocs\certificate\admin_idgl\session-check.php on line 3
[31-Jul-2025 19:42:23 Europe/Berlin] PHP Fatal error:  Array and string offset access syntax with curly braces is no longer supported in C:\xampp\htdocs\certificate\admin_idgl\PHPExcel\Classes\PHPExcel\ReferenceHelper.php on line 892
[31-Jul-2025 19:43:53 Europe/Berlin] PHP Deprecated:  simplexml_load_string(): Passing null to parameter #3 ($options) of type int is deprecated in C:\xampp\htdocs\certificate\admin_idgl\PHPExcel\Classes\PHPExcel\Reader\Excel2007.php on line 97
[31-Jul-2025 19:43:53 Europe/Berlin] PHP Fatal error:  Array and string offset access syntax with curly braces is no longer supported in C:\xampp\htdocs\certificate\admin_idgl\PHPExcel\Classes\PHPExcel\Calculation.php on line 2189
[31-Jul-2025 19:47:51 Europe/Berlin] PHP Notice:  session_start(): Ignoring session_start() because a session is already active in C:\xampp\htdocs\certificate\admin_idgl\session-check.php on line 3
[31-Jul-2025 19:47:53 Europe/Berlin] PHP Notice:  session_start(): Ignoring session_start() because a session is already active in C:\xampp\htdocs\certificate\admin_idgl\session-check.php on line 3
[31-Jul-2025 19:48:04 Europe/Berlin] PHP Parse error:  syntax error, unexpected identifier "ZipArchive", expecting ")" in C:\xampp\htdocs\certificate\admin_idgl\PHPExcel\Classes\PHPExcel\Reader\Excel2007.php on line 97
[31-Jul-2025 19:48:12 Europe/Berlin] PHP Notice:  session_start(): Ignoring session_start() because a session is already active in C:\xampp\htdocs\certificate\admin_idgl\session-check.php on line 3
[31-Jul-2025 19:48:25 Europe/Berlin] PHP Parse error:  syntax error, unexpected identifier "ZipArchive", expecting ")" in C:\xampp\htdocs\certificate\admin_idgl\PHPExcel\Classes\PHPExcel\Reader\Excel2007.php on line 97
[01-Aug-2025 06:28:09 Europe/Berlin] PHP Warning:  Undefined array key "name" in C:\xampp\htdocs\certificate\admin_idgl\session-check.php on line 5
[01-Aug-2025 06:28:09 Europe/Berlin] PHP Notice:  session_start(): Ignoring session_start() because a session is already active in C:\xampp\htdocs\certificate\admin_idgl\session-check.php on line 3
[01-Aug-2025 06:28:09 Europe/Berlin] PHP Warning:  Undefined array key "name" in C:\xampp\htdocs\certificate\admin_idgl\session-check.php on line 5
[01-Aug-2025 06:28:14 Europe/Berlin] PHP Notice:  session_start(): Ignoring session_start() because a session is already active in C:\xampp\htdocs\certificate\admin_idgl\session-check.php on line 3
[01-Aug-2025 06:28:35 Europe/Berlin] PHP Parse error:  syntax error, unexpected identifier "ZipArchive", expecting ")" in C:\xampp\htdocs\certificate\admin_idgl\PHPExcel\Classes\PHPExcel\Reader\Excel2007.php on line 97
[01-Aug-2025 06:28:47 Europe/Berlin] PHP Notice:  session_start(): Ignoring session_start() because a session is already active in C:\xampp\htdocs\certificate\admin_idgl\session-check.php on line 3
[01-Aug-2025 06:29:06 Europe/Berlin] PHP Parse error:  syntax error, unexpected identifier "ZipArchive", expecting ")" in C:\xampp\htdocs\certificate\admin_idgl\PHPExcel\Classes\PHPExcel\Reader\Excel2007.php on line 97
[01-Aug-2025 06:32:19 Europe/Berlin] PHP Parse error:  syntax error, unexpected identifier "ZipArchive", expecting ")" in C:\xampp\htdocs\certificate\admin_idgl\PHPExcel\Classes\PHPExcel\Reader\Excel2007.php on line 97
[01-Aug-2025 06:32:20 Europe/Berlin] PHP Notice:  session_start(): Ignoring session_start() because a session is already active in C:\xampp\htdocs\certificate\admin_idgl\session-check.php on line 3
[01-Aug-2025 06:32:21 Europe/Berlin] PHP Notice:  session_start(): Ignoring session_start() because a session is already active in C:\xampp\htdocs\certificate\admin_idgl\session-check.php on line 3
[01-Aug-2025 06:32:40 Europe/Berlin] PHP Parse error:  syntax error, unexpected identifier "ZipArchive", expecting ")" in C:\xampp\htdocs\certificate\admin_idgl\PHPExcel\Classes\PHPExcel\Reader\Excel2007.php on line 97
[01-Aug-2025 06:33:18 Europe/Berlin] PHP Notice:  session_start(): Ignoring session_start() because a session is already active in C:\xampp\htdocs\certificate\admin_idgl\session-check.php on line 3
[01-Aug-2025 06:33:18 Europe/Berlin] PHP Notice:  session_start(): Ignoring session_start() because a session is already active in C:\xampp\htdocs\certificate\admin_idgl\session-check.php on line 3
[01-Aug-2025 06:35:10 Europe/Berlin] PHP Parse error:  syntax error, unexpected identifier "ZipArchive", expecting ")" in C:\xampp\htdocs\certificate\admin_idgl\PHPExcel\Classes\PHPExcel\Reader\Excel2007.php on line 97
[01-Aug-2025 06:35:12 Europe/Berlin] PHP Notice:  session_start(): Ignoring session_start() because a session is already active in C:\xampp\htdocs\certificate\admin_idgl\session-check.php on line 3
[01-Aug-2025 06:37:01 Europe/Berlin] PHP Notice:  session_start(): Ignoring session_start() because a session is already active in C:\xampp\htdocs\certificate\admin_idgl\session-check.php on line 3
[01-Aug-2025 06:37:02 Europe/Berlin] PHP Notice:  session_start(): Ignoring session_start() because a session is already active in C:\xampp\htdocs\certificate\admin_idgl\session-check.php on line 3
[01-Aug-2025 06:37:02 Europe/Berlin] PHP Notice:  session_start(): Ignoring session_start() because a session is already active in C:\xampp\htdocs\certificate\admin_idgl\session-check.php on line 3
[01-Aug-2025 06:37:03 Europe/Berlin] PHP Notice:  session_start(): Ignoring session_start() because a session is already active in C:\xampp\htdocs\certificate\admin_idgl\session-check.php on line 3
[01-Aug-2025 06:37:03 Europe/Berlin] PHP Notice:  session_start(): Ignoring session_start() because a session is already active in C:\xampp\htdocs\certificate\admin_idgl\session-check.php on line 3
[01-Aug-2025 06:37:03 Europe/Berlin] PHP Notice:  session_start(): Ignoring session_start() because a session is already active in C:\xampp\htdocs\certificate\admin_idgl\session-check.php on line 3
[01-Aug-2025 06:37:03 Europe/Berlin] PHP Notice:  session_start(): Ignoring session_start() because a session is already active in C:\xampp\htdocs\certificate\admin_idgl\session-check.php on line 3
[01-Aug-2025 06:37:39 Europe/Berlin] PHP Notice:  session_start(): Ignoring session_start() because a session is already active in C:\xampp\htdocs\certificate\admin_idgl\session-check.php on line 3
[01-Aug-2025 06:37:39 Europe/Berlin] PHP Notice:  session_start(): Ignoring session_start() because a session is already active in C:\xampp\htdocs\certificate\admin_idgl\session-check.php on line 3
[01-Aug-2025 06:37:40 Europe/Berlin] PHP Notice:  session_start(): Ignoring session_start() because a session is already active in C:\xampp\htdocs\certificate\admin_idgl\session-check.php on line 3
[01-Aug-2025 06:37:40 Europe/Berlin] PHP Notice:  session_start(): Ignoring session_start() because a session is already active in C:\xampp\htdocs\certificate\admin_idgl\session-check.php on line 3
[01-Aug-2025 06:37:40 Europe/Berlin] PHP Notice:  session_start(): Ignoring session_start() because a session is already active in C:\xampp\htdocs\certificate\admin_idgl\session-check.php on line 3
[01-Aug-2025 06:37:40 Europe/Berlin] PHP Notice:  session_start(): Ignoring session_start() because a session is already active in C:\xampp\htdocs\certificate\admin_idgl\session-check.php on line 3
[01-Aug-2025 06:37:40 Europe/Berlin] PHP Notice:  session_start(): Ignoring session_start() because a session is already active in C:\xampp\htdocs\certificate\admin_idgl\session-check.php on line 3
[01-Aug-2025 06:49:06 Europe/Berlin] PHP Notice:  session_start(): Ignoring session_start() because a session is already active in C:\xampp\htdocs\certificate\admin_idgl\session-check.php on line 3
[01-Aug-2025 07:16:20 Europe/Berlin] PHP Notice:  session_start(): Ignoring session_start() because a session is already active in C:\xampp\htdocs\certificate\admin_idgl\session-check.php on line 3
[01-Aug-2025 07:16:20 Europe/Berlin] PHP Notice:  session_start(): Ignoring session_start() because a session is already active in C:\xampp\htdocs\certificate\admin_idgl\session-check.php on line 3
[01-Aug-2025 07:16:21 Europe/Berlin] PHP Notice:  session_start(): Ignoring session_start() because a session is already active in C:\xampp\htdocs\certificate\admin_idgl\session-check.php on line 3
[01-Aug-2025 07:16:21 Europe/Berlin] PHP Notice:  session_start(): Ignoring session_start() because a session is already active in C:\xampp\htdocs\certificate\admin_idgl\session-check.php on line 3
[01-Aug-2025 07:16:21 Europe/Berlin] PHP Notice:  session_start(): Ignoring session_start() because a session is already active in C:\xampp\htdocs\certificate\admin_idgl\session-check.php on line 3
[01-Aug-2025 07:16:22 Europe/Berlin] PHP Notice:  session_start(): Ignoring session_start() because a session is already active in C:\xampp\htdocs\certificate\admin_idgl\session-check.php on line 3
[01-Aug-2025 07:16:22 Europe/Berlin] PHP Notice:  session_start(): Ignoring session_start() because a session is already active in C:\xampp\htdocs\certificate\admin_idgl\session-check.php on line 3
[01-Aug-2025 07:16:22 Europe/Berlin] PHP Notice:  session_start(): Ignoring session_start() because a session is already active in C:\xampp\htdocs\certificate\admin_idgl\session-check.php on line 3
[01-Aug-2025 07:16:23 Europe/Berlin] PHP Notice:  session_start(): Ignoring session_start() because a session is already active in C:\xampp\htdocs\certificate\admin_idgl\session-check.php on line 3
[01-Aug-2025 07:16:23 Europe/Berlin] PHP Notice:  session_start(): Ignoring session_start() because a session is already active in C:\xampp\htdocs\certificate\admin_idgl\session-check.php on line 3
[01-Aug-2025 07:16:23 Europe/Berlin] PHP Notice:  session_start(): Ignoring session_start() because a session is already active in C:\xampp\htdocs\certificate\admin_idgl\session-check.php on line 3
[01-Aug-2025 07:16:23 Europe/Berlin] PHP Notice:  session_start(): Ignoring session_start() because a session is already active in C:\xampp\htdocs\certificate\admin_idgl\session-check.php on line 3
[01-Aug-2025 07:16:23 Europe/Berlin] PHP Notice:  session_start(): Ignoring session_start() because a session is already active in C:\xampp\htdocs\certificate\admin_idgl\session-check.php on line 3
[01-Aug-2025 07:16:24 Europe/Berlin] PHP Notice:  session_start(): Ignoring session_start() because a session is already active in C:\xampp\htdocs\certificate\admin_idgl\session-check.php on line 3
[01-Aug-2025 07:16:24 Europe/Berlin] PHP Notice:  session_start(): Ignoring session_start() because a session is already active in C:\xampp\htdocs\certificate\admin_idgl\session-check.php on line 3
[01-Aug-2025 07:16:24 Europe/Berlin] PHP Notice:  session_start(): Ignoring session_start() because a session is already active in C:\xampp\htdocs\certificate\admin_idgl\session-check.php on line 3
[01-Aug-2025 07:16:24 Europe/Berlin] PHP Notice:  session_start(): Ignoring session_start() because a session is already active in C:\xampp\htdocs\certificate\admin_idgl\session-check.php on line 3
[01-Aug-2025 07:16:24 Europe/Berlin] PHP Notice:  session_start(): Ignoring session_start() because a session is already active in C:\xampp\htdocs\certificate\admin_idgl\session-check.php on line 3
[01-Aug-2025 07:16:25 Europe/Berlin] PHP Notice:  session_start(): Ignoring session_start() because a session is already active in C:\xampp\htdocs\certificate\admin_idgl\session-check.php on line 3
[01-Aug-2025 07:16:25 Europe/Berlin] PHP Notice:  session_start(): Ignoring session_start() because a session is already active in C:\xampp\htdocs\certificate\admin_idgl\session-check.php on line 3
[01-Aug-2025 07:16:25 Europe/Berlin] PHP Notice:  session_start(): Ignoring session_start() because a session is already active in C:\xampp\htdocs\certificate\admin_idgl\session-check.php on line 3
[01-Aug-2025 07:16:25 Europe/Berlin] PHP Notice:  session_start(): Ignoring session_start() because a session is already active in C:\xampp\htdocs\certificate\admin_idgl\session-check.php on line 3
[01-Aug-2025 07:16:26 Europe/Berlin] PHP Notice:  session_start(): Ignoring session_start() because a session is already active in C:\xampp\htdocs\certificate\admin_idgl\session-check.php on line 3
[01-Aug-2025 07:16:26 Europe/Berlin] PHP Notice:  session_start(): Ignoring session_start() because a session is already active in C:\xampp\htdocs\certificate\admin_idgl\session-check.php on line 3
[01-Aug-2025 07:16:26 Europe/Berlin] PHP Notice:  session_start(): Ignoring session_start() because a session is already active in C:\xampp\htdocs\certificate\admin_idgl\session-check.php on line 3
[01-Aug-2025 07:16:27 Europe/Berlin] PHP Notice:  session_start(): Ignoring session_start() because a session is already active in C:\xampp\htdocs\certificate\admin_idgl\session-check.php on line 3
[01-Aug-2025 07:16:27 Europe/Berlin] PHP Notice:  session_start(): Ignoring session_start() because a session is already active in C:\xampp\htdocs\certificate\admin_idgl\session-check.php on line 3
[01-Aug-2025 07:16:51 Europe/Berlin] PHP Parse error:  syntax error, unexpected identifier "ZipArchive", expecting ")" in C:\xampp\htdocs\certificate\admin_idgl\PHPExcel\Classes\PHPExcel\Reader\Excel2007.php on line 97
[01-Aug-2025 07:17:12 Europe/Berlin] PHP Notice:  session_start(): Ignoring session_start() because a session is already active in C:\xampp\htdocs\certificate\admin_idgl\session-check.php on line 3
[01-Aug-2025 07:27:30 Europe/Berlin] PHP Parse error:  syntax error, unexpected identifier "ZipArchive", expecting ")" in C:\xampp\htdocs\certificate\admin_idgl\PHPExcel\Classes\PHPExcel\Reader\Excel2007.php on line 97
[01-Aug-2025 07:30:37 Europe/Berlin] PHP Notice:  session_start(): Ignoring session_start() because a session is already active in C:\xampp\htdocs\certificate\admin_idgl\session-check.php on line 3
[01-Aug-2025 07:30:49 Europe/Berlin] PHP Deprecated:  Creation of dynamic property PHPExcel_Reader_Excel2007::$_readFilter is deprecated in C:\xampp\htdocs\certificate\admin_idgl\PHPExcel\Classes\PHPExcel\Reader\Excel2007.php on line 66
[01-Aug-2025 07:30:49 Europe/Berlin] PHP Fatal error:  Uncaught Error: Call to undefined method PHPExcel_Reader_Excel2007::securityScan() in C:\xampp\htdocs\certificate\admin_idgl\PHPExcel\Classes\PHPExcel\Reader\Excel2007.php:98
Stack trace:
#0 C:\xampp\htdocs\certificate\admin_idgl\PHPExcel\Classes\PHPExcel\IOFactory.php(280): PHPExcel_Reader_Excel2007->canRead('C:\\xampp\\tmp\\ph...')
#1 C:\xampp\htdocs\certificate\admin_idgl\PHPExcel\Classes\PHPExcel\IOFactory.php(205): PHPExcel_IOFactory::createReaderForFile('C:\\xampp\\tmp\\ph...')
#2 C:\xampp\htdocs\certificate\admin_idgl\import-bulk.php(38): PHPExcel_IOFactory::identify('C:\\xampp\\tmp\\ph...')
#3 {main}
  thrown in C:\xampp\htdocs\certificate\admin_idgl\PHPExcel\Classes\PHPExcel\Reader\Excel2007.php on line 98
[01-Aug-2025 07:36:57 Europe/Berlin] PHP Deprecated:  Creation of dynamic property PHPExcel_Reader_Excel2007::$_readFilter is deprecated in C:\xampp\htdocs\certificate\admin_idgl\PHPExcel\Classes\PHPExcel\Reader\Excel2007.php on line 66
[01-Aug-2025 07:36:57 Europe/Berlin] PHP Fatal error:  Uncaught Error: Call to undefined method PHPExcel_Reader_Excel2007::securityScan() in C:\xampp\htdocs\certificate\admin_idgl\PHPExcel\Classes\PHPExcel\Reader\Excel2007.php:98
Stack trace:
#0 C:\xampp\htdocs\certificate\admin_idgl\PHPExcel\Classes\PHPExcel\IOFactory.php(280): PHPExcel_Reader_Excel2007->canRead('C:\\xampp\\tmp\\ph...')
#1 C:\xampp\htdocs\certificate\admin_idgl\PHPExcel\Classes\PHPExcel\IOFactory.php(205): PHPExcel_IOFactory::createReaderForFile('C:\\xampp\\tmp\\ph...')
#2 C:\xampp\htdocs\certificate\admin_idgl\import-bulk.php(38): PHPExcel_IOFactory::identify('C:\\xampp\\tmp\\ph...')
#3 {main}
  thrown in C:\xampp\htdocs\certificate\admin_idgl\PHPExcel\Classes\PHPExcel\Reader\Excel2007.php on line 98
[01-Aug-2025 07:38:55 Europe/Berlin] PHP Deprecated:  Creation of dynamic property PHPExcel_Reader_Excel2007::$_readFilter is deprecated in C:\xampp\htdocs\certificate\admin_idgl\PHPExcel\Classes\PHPExcel\Reader\Excel2007.php on line 66
[01-Aug-2025 07:38:55 Europe/Berlin] PHP Fatal error:  Uncaught Error: Call to undefined method PHPExcel_Reader_Excel2007::securityScan() in C:\xampp\htdocs\certificate\admin_idgl\PHPExcel\Classes\PHPExcel\Reader\Excel2007.php:98
Stack trace:
#0 C:\xampp\htdocs\certificate\admin_idgl\PHPExcel\Classes\PHPExcel\IOFactory.php(280): PHPExcel_Reader_Excel2007->canRead('C:\\xampp\\tmp\\ph...')
#1 C:\xampp\htdocs\certificate\admin_idgl\PHPExcel\Classes\PHPExcel\IOFactory.php(205): PHPExcel_IOFactory::createReaderForFile('C:\\xampp\\tmp\\ph...')
#2 C:\xampp\htdocs\certificate\admin_idgl\import-bulk.php(38): PHPExcel_IOFactory::identify('C:\\xampp\\tmp\\ph...')
#3 {main}
  thrown in C:\xampp\htdocs\certificate\admin_idgl\PHPExcel\Classes\PHPExcel\Reader\Excel2007.php on line 98
[01-Aug-2025 07:39:42 Europe/Berlin] PHP Deprecated:  Creation of dynamic property PHPExcel_Reader_Excel2007::$_readFilter is deprecated in C:\xampp\htdocs\certificate\admin_idgl\PHPExcel\Classes\PHPExcel\Reader\Excel2007.php on line 66
[01-Aug-2025 07:39:42 Europe/Berlin] PHP Fatal error:  Uncaught Error: Call to undefined method PHPExcel_Reader_Excel2007::securityScan() in C:\xampp\htdocs\certificate\admin_idgl\PHPExcel\Classes\PHPExcel\Reader\Excel2007.php:98
Stack trace:
#0 C:\xampp\htdocs\certificate\admin_idgl\PHPExcel\Classes\PHPExcel\IOFactory.php(280): PHPExcel_Reader_Excel2007->canRead('C:\\xampp\\tmp\\ph...')
#1 C:\xampp\htdocs\certificate\admin_idgl\PHPExcel\Classes\PHPExcel\IOFactory.php(205): PHPExcel_IOFactory::createReaderForFile('C:\\xampp\\tmp\\ph...')
#2 C:\xampp\htdocs\certificate\admin_idgl\import-bulk.php(38): PHPExcel_IOFactory::identify('C:\\xampp\\tmp\\ph...')
#3 {main}
  thrown in C:\xampp\htdocs\certificate\admin_idgl\PHPExcel\Classes\PHPExcel\Reader\Excel2007.php on line 98
[01-Aug-2025 07:49:31 Europe/Berlin] PHP Fatal error:  Array and string offset access syntax with curly braces is no longer supported in C:\xampp\htdocs\certificate\admin_idgl\PHPExcel\Classes\PHPExcel\Shared\String.php on line 529
[01-Aug-2025 07:49:33 Europe/Berlin] PHP Fatal error:  Array and string offset access syntax with curly braces is no longer supported in C:\xampp\htdocs\certificate\admin_idgl\PHPExcel\Classes\PHPExcel\Shared\String.php on line 529
[01-Aug-2025 07:49:33 Europe/Berlin] PHP Fatal error:  Array and string offset access syntax with curly braces is no longer supported in C:\xampp\htdocs\certificate\admin_idgl\PHPExcel\Classes\PHPExcel\Shared\String.php on line 529
[01-Aug-2025 07:49:34 Europe/Berlin] PHP Fatal error:  Array and string offset access syntax with curly braces is no longer supported in C:\xampp\htdocs\certificate\admin_idgl\PHPExcel\Classes\PHPExcel\Shared\String.php on line 529
[01-Aug-2025 07:49:34 Europe/Berlin] PHP Fatal error:  Array and string offset access syntax with curly braces is no longer supported in C:\xampp\htdocs\certificate\admin_idgl\PHPExcel\Classes\PHPExcel\Shared\String.php on line 529
[01-Aug-2025 07:49:34 Europe/Berlin] PHP Fatal error:  Array and string offset access syntax with curly braces is no longer supported in C:\xampp\htdocs\certificate\admin_idgl\PHPExcel\Classes\PHPExcel\Shared\String.php on line 529
[01-Aug-2025 07:49:34 Europe/Berlin] PHP Fatal error:  Array and string offset access syntax with curly braces is no longer supported in C:\xampp\htdocs\certificate\admin_idgl\PHPExcel\Classes\PHPExcel\Shared\String.php on line 529
[01-Aug-2025 07:49:35 Europe/Berlin] PHP Fatal error:  Array and string offset access syntax with curly braces is no longer supported in C:\xampp\htdocs\certificate\admin_idgl\PHPExcel\Classes\PHPExcel\Shared\String.php on line 529
[01-Aug-2025 07:49:35 Europe/Berlin] PHP Fatal error:  Array and string offset access syntax with curly braces is no longer supported in C:\xampp\htdocs\certificate\admin_idgl\PHPExcel\Classes\PHPExcel\Shared\String.php on line 529
[01-Aug-2025 07:49:35 Europe/Berlin] PHP Fatal error:  Array and string offset access syntax with curly braces is no longer supported in C:\xampp\htdocs\certificate\admin_idgl\PHPExcel\Classes\PHPExcel\Shared\String.php on line 529
[01-Aug-2025 07:49:35 Europe/Berlin] PHP Fatal error:  Array and string offset access syntax with curly braces is no longer supported in C:\xampp\htdocs\certificate\admin_idgl\PHPExcel\Classes\PHPExcel\Shared\String.php on line 529
[01-Aug-2025 07:49:35 Europe/Berlin] PHP Fatal error:  Array and string offset access syntax with curly braces is no longer supported in C:\xampp\htdocs\certificate\admin_idgl\PHPExcel\Classes\PHPExcel\Shared\String.php on line 529
[01-Aug-2025 07:49:36 Europe/Berlin] PHP Fatal error:  Array and string offset access syntax with curly braces is no longer supported in C:\xampp\htdocs\certificate\admin_idgl\PHPExcel\Classes\PHPExcel\Shared\String.php on line 529
[01-Aug-2025 07:49:36 Europe/Berlin] PHP Fatal error:  Array and string offset access syntax with curly braces is no longer supported in C:\xampp\htdocs\certificate\admin_idgl\PHPExcel\Classes\PHPExcel\Shared\String.php on line 529
[01-Aug-2025 07:49:36 Europe/Berlin] PHP Fatal error:  Array and string offset access syntax with curly braces is no longer supported in C:\xampp\htdocs\certificate\admin_idgl\PHPExcel\Classes\PHPExcel\Shared\String.php on line 529
[01-Aug-2025 07:54:38 Europe/Berlin] PHP Fatal error:  Array and string offset access syntax with curly braces is no longer supported in C:\xampp\htdocs\certificate\admin_idgl\PHPExcel\Classes\PHPExcel\ReferenceHelper.php on line 892
[01-Aug-2025 07:59:18 Europe/Berlin] PHP Deprecated:  simplexml_load_string(): Passing null to parameter #3 ($options) of type int is deprecated in C:\xampp\htdocs\certificate\admin_idgl\PHPExcel\Classes\PHPExcel\Reader\Excel2007.php on line 97
[01-Aug-2025 07:59:18 Europe/Berlin] PHP Fatal error:  Array and string offset access syntax with curly braces is no longer supported in C:\xampp\htdocs\certificate\admin_idgl\PHPExcel\Classes\PHPExcel\Calculation.php on line 2189
[01-Aug-2025 08:17:20 Europe/Berlin] PHP Parse error:  syntax error, unexpected token ";", expecting ")" in C:\xampp\htdocs\certificate\admin_idgl\PHPExcel\Classes\PHPExcel\Reader\Excel2007.php on line 1391
[01-Aug-2025 08:22:25 Europe/Berlin] PHP Parse error:  syntax error, unexpected token ";", expecting ")" in C:\xampp\htdocs\certificate\admin_idgl\PHPExcel\Classes\PHPExcel\Reader\Excel2007.php on line 1391
[01-Aug-2025 08:36:08 Europe/Berlin] PHP Parse error:  syntax error, unexpected token ";", expecting ")" in C:\xampp\htdocs\certificate\admin_idgl\PHPExcel\Classes\PHPExcel\Reader\Excel2007.php on line 1391
[01-Aug-2025 08:47:00 Europe/Berlin] PHP Parse error:  syntax error, unexpected token ":" in C:\xampp\htdocs\certificate\admin_idgl\PHPExcel\Classes\PHPExcel\Reader\Excel2007.php on line 1397
[01-Aug-2025 08:51:01 Europe/Berlin] PHP Parse error:  syntax error, unexpected token ":" in C:\xampp\htdocs\certificate\admin_idgl\PHPExcel\Classes\PHPExcel\Reader\Excel2007.php on line 1398
[01-Aug-2025 08:54:40 Europe/Berlin] PHP Parse error:  syntax error, unexpected token "private" in C:\xampp\htdocs\certificate\admin_idgl\PHPExcel\Classes\PHPExcel\Reader\Excel2007.php on line 1419
[01-Aug-2025 08:54:43 Europe/Berlin] PHP Parse error:  syntax error, unexpected token "private" in C:\xampp\htdocs\certificate\admin_idgl\PHPExcel\Classes\PHPExcel\Reader\Excel2007.php on line 1419
[01-Aug-2025 09:01:49 Europe/Berlin] PHP Parse error:  syntax error, unexpected token ":" in C:\xampp\htdocs\certificate\admin_idgl\PHPExcel\Classes\PHPExcel\Reader\Excel2007.php on line 1390
[01-Aug-2025 09:04:49 Europe/Berlin] PHP Fatal error:  Array and string offset access syntax with curly braces is no longer supported in C:\xampp\htdocs\certificate\admin_idgl\PHPExcel\Classes\PHPExcel\Calculation.php on line 2189
[01-Aug-2025 09:07:58 Europe/Berlin] PHP Fatal error:  Array and string offset access syntax with curly braces is no longer supported in C:\xampp\htdocs\certificate\admin_idgl\PHPExcel\Classes\PHPExcel\Calculation.php on line 2305
[01-Aug-2025 09:09:12 Europe/Berlin] PHP Fatal error:  Array and string offset access syntax with curly braces is no longer supported in C:\xampp\htdocs\certificate\admin_idgl\PHPExcel\Classes\PHPExcel\Calculation.php on line 2770
[01-Aug-2025 09:09:55 Europe/Berlin] PHP Fatal error:  Array and string offset access syntax with curly braces is no longer supported in C:\xampp\htdocs\certificate\admin_idgl\PHPExcel\Classes\PHPExcel\Calculation.php on line 2772
[01-Aug-2025 09:10:58 Europe/Berlin] PHP Fatal error:  Array and string offset access syntax with curly braces is no longer supported in C:\xampp\htdocs\certificate\admin_idgl\PHPExcel\Classes\PHPExcel\Calculation.php on line 2772
[01-Aug-2025 09:12:01 Europe/Berlin] PHP Deprecated:  Creation of dynamic property PHPExcel_Calculation::$delta is deprecated in C:\xampp\htdocs\certificate\admin_idgl\PHPExcel\Classes\PHPExcel\Calculation.php on line 1729
[01-Aug-2025 09:12:01 Europe/Berlin] PHP Deprecated:  Creation of dynamic property PHPExcel_Calculation::$_debugLog is deprecated in C:\xampp\htdocs\certificate\admin_idgl\PHPExcel\Classes\PHPExcel\Calculation.php on line 1737
[01-Aug-2025 09:12:01 Europe/Berlin] PHP Deprecated:  Optional parameter $pCoordinate declared before required parameter $pValue is implicitly treated as a required parameter in C:\xampp\htdocs\certificate\admin_idgl\PHPExcel\Classes\PHPExcel\Worksheet.php on line 1482
[01-Aug-2025 09:12:01 Europe/Berlin] PHP Fatal error:  Array and string offset access syntax with curly braces is no longer supported in C:\xampp\htdocs\certificate\admin_idgl\PHPExcel\Classes\PHPExcel\Worksheet\AutoFilter.php on line 733
[01-Aug-2025 09:16:05 Europe/Berlin] PHP Deprecated:  Creation of dynamic property PHPExcel_Calculation::$_debugLog is deprecated in C:\xampp\htdocs\certificate\admin_idgl\PHPExcel\Classes\PHPExcel\Calculation.php on line 1738
[01-Aug-2025 09:16:05 Europe/Berlin] PHP Deprecated:  Optional parameter $pCoordinate declared before required parameter $pValue is implicitly treated as a required parameter in C:\xampp\htdocs\certificate\admin_idgl\PHPExcel\Classes\PHPExcel\Worksheet.php on line 1482
[01-Aug-2025 09:16:05 Europe/Berlin] PHP Fatal error:  Array and string offset access syntax with curly braces is no longer supported in C:\xampp\htdocs\certificate\admin_idgl\PHPExcel\Classes\PHPExcel\Worksheet\AutoFilter.php on line 733
